<?xml version="1.0" encoding="UTF-8"?>
<!-- Generated by org.testng.reporters.JUnitXMLReporter -->
<testsuite hostname="DESKTOP-ITMSRE3" ignored="2" name="Test" tests="1" failures="0" timestamp="2022-10-04T14:54:36 IST" time="17.515" errors="0">
  <testcase name="flightbook" time="10.38" classname="mavenDemo11.RegiLoginFlightBook"/>
  <testcase name="register" time="0.0" classname="mavenDemo11.RegiLoginFlightBook">
    <ignored/>
  </testcase> <!-- register -->
  <testcase name="login" time="0.0" classname="mavenDemo11.RegiLoginFlightBook">
    <ignored/>
  </testcase> <!-- login -->
</testsuite> <!-- Test -->
